<?xml version="1.0" encoding="UTF-8"?>
<testng-results ignored="0" total="1" passed="1" failed="0" skipped="0">
  <reporter-output>
  </reporter-output>
  <suite started-at="2024-08-28T17:54:30 BRT" name="Command line suite" finished-at="2024-08-28T17:54:30 BRT" duration-ms="58">
    <groups>
    </groups>
    <test started-at="2024-08-28T17:54:30 BRT" name="Command line test" finished-at="2024-08-28T17:54:30 BRT" duration-ms="58">
      <class name="JavavimTest">
        <test-method signature="testSayHello()[pri:0, instance:JavavimTest@4cf777e8]" started-at="2024-08-28T17:54:30 BRT" name="testSayHello" finished-at="2024-08-28T17:54:30 BRT" duration-ms="10" status="PASS">
          <reporter-output>
          </reporter-output>
        </test-method> <!-- testSayHello -->
      </class> <!-- JavavimTest -->
    </test> <!-- Command line test -->
  </suite> <!-- Command line suite -->
</testng-results>
